# JRE version: Java(TM) SE Runtime Environment (8.0_251-b08) (build 1.8.0_251-b08)
# Java VM: Java HotSpot(TM) 64-Bit Server VM (25.251-b08 mixed mode windows-amd64 compressed oops)
Heap:
 PSYoungGen      total 3909632K, used 373092K [0x00000006c0000000, 0x00000007bdb80000, 0x00000007c0000000)
  eden space 3681792K, 9% used [0x00000006c0000000,0x00000006d4f19450,0x00000007a0b80000)
  from space 227840K, 13% used [0x00000007afd00000,0x00000007b1a3fe18,0x00000007bdb80000)
  to   space 237568K, 0% used [0x00000007a0b80000,0x00000007a0b80000,0x00000007af380000)
 ParOldGen       total 2191872K, used 1892877K [0x00000004c0000000, 0x0000000545c80000, 0x00000006c0000000)
  object space 2191872K, 86% used [0x00000004c0000000,0x0000000533883568,0x0000000545c80000)
 Metaspace       used 101666K, capacity 114097K, committed 145432K, reserved 1173504K
  class space    used 14087K, capacity 15263K, committed 21040K, reserved 1048576K
GC Heap History (10 events):
Event: 678.529 GC heap before
{Heap before GC invocations=1206 (full 10):
 PSYoungGen      total 3918336K, used 3644384K [0x00000006c0000000, 0x00000007bf680000, 0x00000007c0000000)
  eden space 3643904K, 100% used [0x00000006c0000000,0x000000079e680000,0x000000079e680000)
  from space 274432K, 0% used [0x000000079e680000,0x000000079e6f8000,0x00000007af280000)
  to   space 264704K, 0% used [0x00000007af400000,0x00000007af400000,0x00000007bf680000)
 ParOldGen       total 1372160K, used 836575K [0x00000004c0000000, 0x0000000513c00000, 0x00000006c0000000)
  object space 1372160K, 60% used [0x00000004c0000000,0x00000004f30f7f68,0x0000000513c00000)
 Metaspace       used 101666K, capacity 114097K, committed 145432K, reserved 1173504K
  class space    used 14087K, capacity 15263K, committed 21040K, reserved 1048576K
Event: 678.565 GC heap after
Heap after GC invocations=1206 (full 10):
 PSYoungGen      total 3910656K, used 139486K [0x00000006c0000000, 0x00000007c0000000, 0x00000007c0000000)
  eden space 3645952K, 0% used [0x00000006c0000000,0x00000006c0000000,0x000000079e880000)
  from space 264704K, 52% used [0x00000007af400000,0x00000007b7c37840,0x00000007bf680000)
  to   space 273920K, 0% used [0x000000079e880000,0x000000079e880000,0x00000007af400000)
 ParOldGen       total 1372160K, used 836623K [0x00000004c0000000, 0x0000000513c00000, 0x00000006c0000000)
  object space 1372160K, 60% used [0x00000004c0000000,0x00000004f3103f68,0x0000000513c00000)
 Metaspace       used 101666K, capacity 114097K, committed 145432K, reserved 1173504K
  class space    used 14087K, capacity 15263K, committed 21040K, reserved 1048576K
}
Event: 679.314 GC heap before
{Heap before GC invocations=1207 (full 10):
 PSYoungGen      total 3910656K, used 3785438K [0x00000006c0000000, 0x00000007c0000000, 0x00000007c0000000)
  eden space 3645952K, 100% used [0x00000006c0000000,0x000000079e880000,0x000000079e880000)
  from space 264704K, 52% used [0x00000007af400000,0x00000007b7c37840,0x00000007bf680000)
  to   space 273920K, 0% used [0x000000079e880000,0x000000079e880000,0x00000007af400000)
 ParOldGen       total 1372160K, used 836623K [0x00000004c0000000, 0x0000000513c00000, 0x00000006c0000000)
  object space 1372160K, 60% used [0x00000004c0000000,0x00000004f3103f68,0x0000000513c00000)
 Metaspace       used 101666K, capacity 114097K, committed 145432K, reserved 1173504K
  class space    used 14087K, capacity 15263K, committed 21040K, reserved 1048576K
Event: 679.352 GC heap after
Heap after GC invocations=1207 (full 10):
 PSYoungGen      total 3919872K, used 480K [0x00000006c0000000, 0x00000007bf700000, 0x00000007c0000000)
  eden space 3645952K, 0% used [0x00000006c0000000,0x00000006c0000000,0x000000079e880000)
  from space 273920K, 0% used [0x000000079e880000,0x000000079e8f8000,0x00000007af400000)
  to   space 264704K, 0% used [0x00000007af480000,0x00000007af480000,0x00000007bf700000)
 ParOldGen       total 1372160K, used 971999K [0x00000004c0000000, 0x0000000513c00000, 0x00000006c0000000)
  object space 1372160K, 70% used [0x00000004c0000000,0x00000004fb537c48,0x0000000513c00000)
 Metaspace       used 101666K, capacity 114097K, committed 145432K, reserved 1173504K
  class space    used 14087K, capacity 15263K, committed 21040K, reserved 1048576K
}
Event: 680.292 GC heap before
{Heap before GC invocations=1208 (full 10):
 PSYoungGen      total 3919872K, used 3646432K [0x00000006c0000000, 0x00000007bf700000, 0x00000007c0000000)
  eden space 3645952K, 100% used [0x00000006c0000000,0x000000079e880000,0x000000079e880000)
  from space 273920K, 0% used [0x000000079e880000,0x000000079e8f8000,0x00000007af400000)
  to   space 264704K, 0% used [0x00000007af480000,0x00000007af480000,0x00000007bf700000)
 ParOldGen       total 1372160K, used 971999K [0x00000004c0000000, 0x0000000513c00000, 0x00000006c0000000)
  object space 1372160K, 70% used [0x00000004c0000000,0x00000004fb537c48,0x0000000513c00000)
 Metaspace       used 101666K, capacity 114097K, committed 145432K, reserved 1173504K
  class space    used 14087K, capacity 15263K, committed 21040K, reserved 1048576K
Event: 680.319 GC heap after
Heap after GC invocations=1208 (full 10):
 PSYoungGen      total 3912192K, used 104798K [0x00000006c0000000, 0x00000007bef00000, 0x00000007c0000000)
  eden space 3655680K, 0% used [0x00000006c0000000,0x00000006c0000000,0x000000079f200000)
  from space 256512K, 40% used [0x00000007af480000,0x00000007b5ad7968,0x00000007bef00000)
  to   space 260608K, 0% used [0x000000079f200000,0x000000079f200000,0x00000007af080000)
 ParOldGen       total 1372160K, used 972047K [0x00000004c0000000, 0x0000000513c00000, 0x00000006c0000000)
  object space 1372160K, 70% used [0x00000004c0000000,0x00000004fb543c48,0x0000000513c00000)
 Metaspace       used 101666K, capacity 114097K, committed 145432K, reserved 1173504K
  class space    used 14087K, capacity 15263K, committed 21040K, reserved 1048576K
}
Event: 681.081 GC heap before
{Heap before GC invocations=1209 (full 10):
 PSYoungGen      total 3912192K, used 3760478K [0x00000006c0000000, 0x00000007bef00000, 0x00000007c0000000)
  eden space 3655680K, 100% used [0x00000006c0000000,0x000000079f200000,0x000000079f200000)
  from space 256512K, 40% used [0x00000007af480000,0x00000007b5ad7968,0x00000007bef00000)
  to   space 260608K, 0% used [0x000000079f200000,0x000000079f200000,0x00000007af080000)
 ParOldGen       total 1372160K, used 972050K [0x00000004c0000000, 0x0000000513c00000, 0x00000006c0000000)
  object space 1372160K, 70% used [0x00000004c0000000,0x00000004fb544b80,0x0000000513c00000)
 Metaspace       used 101666K, capacity 114097K, committed 145432K, reserved 1173504K
  class space    used 14087K, capacity 15263K, committed 21040K, reserved 1048576K
Event: 681.108 GC heap after
Heap after GC invocations=1209 (full 10):
 PSYoungGen      total 3916288K, used 544K [0x00000006c0000000, 0x00000007bf300000, 0x00000007c0000000)
  eden space 3655680K, 0% used [0x00000006c0000000,0x00000006c0000000,0x000000079f200000)
  from space 260608K, 0% used [0x000000079f200000,0x000000079f2880d8,0x00000007af080000)
  to   space 251904K, 0% used [0x00000007afd00000,0x00000007afd00000,0x00000007bf300000)
 ParOldGen       total 1372160K, used 1073570K [0x00000004c0000000, 0x0000000513c00000, 0x00000006c0000000)
  object space 1372160K, 78% used [0x00000004c0000000,0x0000000501868a38,0x0000000513c00000)
 Metaspace       used 101666K, capacity 114097K, committed 145432K, reserved 1173504K
  class space    used 14087K, capacity 15263K, committed 21040K, reserved 1048576K
}
Event: 682.790 GC heap before
{Heap before GC invocations=1210 (full 10):
 PSYoungGen      total 3916288K, used 3656224K [0x00000006c0000000, 0x00000007bf300000, 0x00000007c0000000)
  eden space 3655680K, 100% used [0x00000006c0000000,0x000000079f200000,0x000000079f200000)
  from space 260608K, 0% used [0x000000079f200000,0x000000079f2880d8,0x00000007af080000)
  to   space 251904K, 0% used [0x00000007afd00000,0x00000007afd00000,0x00000007bf300000)
 ParOldGen       total 2191872K, used 1892797K [0x00000004c0000000, 0x0000000545c80000, 0x00000006c0000000)
  object space 2191872K, 86% used [0x00000004c0000000,0x000000053386f568,0x0000000545c80000)
 Metaspace       used 101666K, capacity 114097K, committed 145432K, reserved 1173504K
  class space    used 14087K, capacity 15263K, committed 21040K, reserved 1048576K
Event: 682.802 GC heap after
Heap after GC invocations=1210 (full 10):
 PSYoungGen      total 3909632K, used 29951K [0x00000006c0000000, 0x00000007bdb80000, 0x00000007c0000000)
  eden space 3681792K, 0% used [0x00000006c0000000,0x00000006c0000000,0x00000007a0b80000)
  from space 227840K, 13% used [0x00000007afd00000,0x00000007b1a3fe18,0x00000007bdb80000)
  to   space 237568K, 0% used [0x00000007a0b80000,0x00000007a0b80000,0x00000007af380000)
 ParOldGen       total 2191872K, used 1892877K [0x00000004c0000000, 0x0000000545c80000, 0x00000006c0000000)
  object space 2191872K, 86% used [0x00000004c0000000,0x0000000533883568,0x0000000545c80000)
 Metaspace       used 101666K, capacity 114097K, committed 145432K, reserved 1173504K
  class space    used 14087K, capacity 15263K, committed 21040K, reserved 1048576K
}

